TN:
SF:/Users/p667/projects/example-vue-composition-api/src/components/SimpleCounter.vue
FN:18,(anonymous_1)
FNF:1
FNH:1
FNDA:3,(anonymous_1)
DA:13,1
DA:15,1
DA:19,3
LF:3
LH:3
BRF:0
BRH:0
end_of_record
TN:
SF:/Users/p667/projects/example-vue-composition-api/src/components/SimpleTodo.vue
FN:24,(anonymous_1)
FN:27,(anonymous_2)
FNF:2
FNH:2
FNDA:3,(anonymous_1)
FNDA:1,(anonymous_2)
DA:20,1
DA:21,1
DA:25,3
DA:26,3
DA:27,3
DA:28,1
DA:29,1
DA:31,3
LF:8
LH:8
BRF:0
BRH:0
end_of_record
TN:
SF:/Users/p667/projects/example-vue-composition-api/src/composition/counter.ts
FN:3,useCount
FN:5,(anonymous_1)
FN:8,(anonymous_2)
FNF:3
FNH:3
FNDA:2,useCount
FNDA:1,(anonymous_1)
FNDA:1,(anonymous_2)
DA:1,2
DA:4,2
DA:5,2
DA:6,1
DA:8,2
DA:9,1
DA:11,2
LF:7
LH:7
BRF:0
BRH:0
end_of_record
TN:
SF:/Users/p667/projects/example-vue-composition-api/src/composition/todo.ts
FN:3,useTodo
FN:7,(anonymous_1)
FN:8,(anonymous_2)
FN:11,(anonymous_3)
FNF:4
FNH:3
FNDA:2,useTodo
FNDA:1,(anonymous_1)
FNDA:1,(anonymous_2)
FNDA:0,(anonymous_3)
DA:1,2
DA:4,2
DA:7,2
DA:8,2
DA:9,1
DA:11,2
DA:12,0
DA:14,2
LF:8
LH:7
BRF:0
BRH:0
end_of_record
